<?xml version="1.0" encoding="UTF-8"?>
<!-- Generated by org.testng.reporters.JUnitReportReporter -->
<testsuite hostname="DESKTOP-LKH9H35" failures="0" tests="2" name="DataProvider.DataProvider2" time="0.015" errors="0" timestamp="2024-06-19T22:16:03 IST" skipped="0">
  <testcase classname="DataProvider.DataProvider2" name="TestLogin" time="0.012"/>
  <system-out/>
  <testcase classname="DataProvider.DataProvider2" name="TestLogin" time="0.003"/>
  <system-out/>
</testsuite> <!-- DataProvider.DataProvider2 -->
