<?xml version="1.0" encoding="UTF-8"?>
<!-- Generated by org.testng.reporters.JUnitReportReporter -->
<testsuite hostname="DESKTOP-LKH9H35" failures="0" tests="1" name="DataProvider.Dataprovider4" time="0.007" errors="0" timestamp="2024-06-18T23:40:03 IST" skipped="0">
  <testcase classname="DataProvider.Dataprovider4" name="Ldata" time="0.007"/>
  <system-out/>
</testsuite> <!-- DataProvider.Dataprovider4 -->
