<?xml version="1.0" encoding="UTF-8"?>
<!-- Generated by org.testng.reporters.JUnitReportReporter -->
<testsuite hostname="DESKTOP-LKH9H35" failures="0" tests="1" name="InterviewQuestions.TakesScreenShot" time="6.181" errors="0" timestamp="2024-06-22T09:46:58 IST" skipped="0">
  <testcase classname="InterviewQuestions.TakesScreenShot" name="Screenshot" time="6.181"/>
  <system-out/>
</testsuite> <!-- InterviewQuestions.TakesScreenShot -->
