<?xml version="1.0" encoding="UTF-8"?>
<!-- Generated by org.testng.reporters.JUnitReportReporter -->
<testsuite hostname="DESKTOP-LKH9H35" failures="0" tests="1" name="InterviewQuestions.LaunchBrowser" time="6.255" errors="0" timestamp="2024-06-22T09:38:37 IST" skipped="0">
  <testcase classname="InterviewQuestions.LaunchBrowser" name="BrowserLaunch" time="6.255"/>
  <system-out/>
</testsuite> <!-- InterviewQuestions.LaunchBrowser -->
