<?xml version="1.0" encoding="UTF-8"?>
<!-- Generated by org.testng.reporters.JUnitReportReporter -->
<testsuite hostname="DESKTOP-LKH9H35" failures="0" tests="2" name="HyrtutoralIgnore.IgnorTest1" time="0.009" errors="0" timestamp="2024-05-26T10:48:40 IST" skipped="0">
  <testcase classname="HyrtutoralIgnore.IgnorTest1" name="MakePayment" time="0.001"/>
  <system-out/>
  <testcase classname="HyrtutoralIgnore.IgnorTest1" name="AddItemToCat" time="0.008"/>
  <system-out/>
</testsuite> <!-- HyrtutoralIgnore.IgnorTest1 -->
