<?xml version="1.0" encoding="UTF-8"?>
<!-- Generated by org.testng.reporters.JUnitReportReporter -->
<testsuite hostname="DESKTOP-LKH9H35" failures="0" tests="1" name="DataProvider.DataProviderIndices" time="0.007" errors="0" timestamp="2024-06-18T23:19:57 IST" skipped="0">
  <testcase classname="DataProvider.DataProviderIndices" name="LoginTest" time="0.007"/>
  <system-out/>
</testsuite> <!-- DataProvider.DataProviderIndices -->
