<?xml version="1.0" encoding="UTF-8"?>
<!-- Generated by org.testng.reporters.JUnitReportReporter -->
<testsuite hostname="DESKTOP-LKH9H35" failures="0" tests="5" name="HyrtutorialMetaGrouping.copy.MetaGroupTest2" time="0.007" errors="0" timestamp="2024-06-22T10:59:59 IST" skipped="0">
  <testcase classname="HyrtutorialMetaGrouping.copy.MetaGroupTest2" name="Login1" time="0.001"/>
  <system-out/>
  <testcase classname="HyrtutorialMetaGrouping.copy.MetaGroupTest2" name="Logout1" time="0.003"/>
  <system-out/>
  <testcase classname="HyrtutorialMetaGrouping.copy.MetaGroupTest2" name="AddItemToCat1" time="0.001"/>
  <system-out/>
  <testcase classname="HyrtutorialMetaGrouping.copy.MetaGroupTest2" name="Run" time="0.001"/>
  <system-out/>
  <testcase classname="HyrtutorialMetaGrouping.copy.MetaGroupTest2" name="MakePayment1" time="0.001"/>
  <system-out/>
</testsuite> <!-- HyrtutorialMetaGrouping.copy.MetaGroupTest2 -->
