<?xml version="1.0" encoding="UTF-8"?>
<!-- Generated by org.testng.reporters.JUnitReportReporter -->
<testsuite hostname="DESKTOP-LKH9H35" failures="0" tests="3" name="DataDriver.SamilLogin" time="13.225" errors="0" timestamp="2024-06-20T22:39:51 IST" skipped="0">
  <testcase classname="DataDriver.SamilLogin" name="LoginSamil" time="3.301"/>
  <system-out/>
  <testcase classname="DataDriver.SamilLogin" name="LoginSamil" time="3.194"/>
  <system-out/>
  <testcase classname="DataDriver.SamilLogin" name="LoginSamil" time="6.730"/>
  <system-out/>
</testsuite> <!-- DataDriver.SamilLogin -->
