<?xml version="1.0" encoding="UTF-8"?>
<!-- Generated by org.testng.reporters.JUnitReportReporter -->
<testsuite hostname="DESKTOP-LKH9H35" failures="0" tests="1" name="InterviewQuestions.HandlingDropdowns" time="2.350" errors="0" timestamp="2024-06-22T09:58:18 IST" skipped="0">
  <testcase classname="InterviewQuestions.HandlingDropdowns" name="Dropdown" time="2.350"/>
  <system-out/>
</testsuite> <!-- InterviewQuestions.HandlingDropdowns -->
