<?xml version="1.0" encoding="UTF-8"?>
<!-- Generated by org.testng.reporters.JUnitReportReporter -->
<testsuite hostname="DESKTOP-LKH9H35" failures="0" tests="1" name="InterviewQuestions.LocatorsinSelenium" time="5.476" errors="0" timestamp="2024-06-21T23:33:28 IST" skipped="0">
  <testcase classname="InterviewQuestions.LocatorsinSelenium" name="Test" time="5.476"/>
  <system-out/>
</testsuite> <!-- InterviewQuestions.LocatorsinSelenium -->
