<?xml version="1.0" encoding="UTF-8"?>
<!-- Generated by org.testng.reporters.JUnitReportReporter -->
<testsuite hostname="DESKTOP-LKH9H35" failures="0" tests="5" name="TestDependency.DependencyOnGroups" time="0.013" errors="0" timestamp="2024-06-09T10:19:08 IST" skipped="0">
  <testcase classname="TestDependency.DependencyOnGroups" name="Test2" time="0.001"/>
  <system-out/>
  <testcase classname="TestDependency.DependencyOnGroups" name="Test" time="0.002"/>
  <system-out/>
  <testcase classname="TestDependency.DependencyOnGroups" name="Test3" time="0.001"/>
  <system-out/>
  <testcase classname="TestDependency.DependencyOnGroups" name="Test1" time="0.009"/>
  <system-out/>
  <testcase classname="TestDependency.DependencyOnGroups" name="Test4" time="0.000"/>
  <system-out/>
</testsuite> <!-- TestDependency.DependencyOnGroups -->
