<?xml version="1.0" encoding="UTF-8"?>
<!-- Generated by org.testng.reporters.JUnitReportReporter -->
<testsuite hostname="DESKTOP-LKH9H35" failures="0" tests="4" name="Hytutorial.PrioritizationOrder" time="0.009" errors="0" timestamp="2024-05-26T10:06:05 IST" skipped="0">
  <testcase classname="Hytutorial.PrioritizationOrder" name="Login" time="0.006"/>
  <system-out/>
  <testcase classname="Hytutorial.PrioritizationOrder" name="AddItemToCat" time="0.001"/>
  <system-out/>
  <testcase classname="Hytutorial.PrioritizationOrder" name="MakePayment" time="0.001"/>
  <system-out/>
  <testcase classname="Hytutorial.PrioritizationOrder" name="Logout" time="0.001"/>
  <system-out/>
</testsuite> <!-- Hytutorial.PrioritizationOrder -->
