<?xml version="1.0" encoding="UTF-8"?>
<!-- Generated by org.testng.reporters.JUnitReportReporter -->
<testsuite hostname="DESKTOP-LKH9H35" failures="0" tests="5" name="HyrtutorialGrouping.GroupTest2" time="0.008" errors="0" timestamp="2024-06-22T10:59:59 IST" skipped="0">
  <testcase classname="HyrtutorialGrouping.GroupTest2" name="Run" time="0.002"/>
  <system-out/>
  <testcase classname="HyrtutorialGrouping.GroupTest2" name="Logout1" time="0.001"/>
  <system-out/>
  <testcase classname="HyrtutorialGrouping.GroupTest2" name="AddItemToCat1" time="0.002"/>
  <system-out/>
  <testcase classname="HyrtutorialGrouping.GroupTest2" name="Login1" time="0.002"/>
  <system-out/>
  <testcase classname="HyrtutorialGrouping.GroupTest2" name="MakePayment1" time="0.001"/>
  <system-out/>
</testsuite> <!-- HyrtutorialGrouping.GroupTest2 -->
