<?xml version="1.0" encoding="UTF-8"?>
<!-- Generated by org.testng.reporters.JUnitReportReporter -->
<testsuite hostname="DESKTOP-LKH9H35" failures="0" tests="3" name="DataDriver.PraccticeWebLogin" time="10.348" errors="0" timestamp="2024-06-21T23:08:01 IST" skipped="0">
  <testcase classname="DataDriver.PraccticeWebLogin" name="loginMain" time="5.042"/>
  <system-out/>
  <testcase classname="DataDriver.PraccticeWebLogin" name="loginMain" time="2.507"/>
  <system-out/>
  <testcase classname="DataDriver.PraccticeWebLogin" name="loginMain" time="2.799"/>
  <system-out/>
</testsuite> <!-- DataDriver.PraccticeWebLogin -->
