<?xml version="1.0" encoding="UTF-8"?>
<!-- Generated by org.testng.reporters.JUnitReportReporter -->
<testsuite hostname="DESKTOP-LKH9H35" failures="0" tests="1" name="Hytutorial.TestNgAnnotations" time="0.008" errors="0" timestamp="2024-05-18T15:42:31 IST" skipped="0">
  <testcase classname="Hytutorial.TestNgAnnotations" name="pageTileTest" time="0.008"/>
  <system-out/>
</testsuite> <!-- Hytutorial.TestNgAnnotations -->
