<?xml version="1.0" encoding="UTF-8"?>
<!-- Generated by org.testng.reporters.JUnitReportReporter -->
<testsuite hostname="DESKTOP-LKH9H35" failures="0" tests="4" name="HyrtutorialMetaGrouping.copy.MetaGroupTest1" time="0.022" errors="0" timestamp="2024-06-22T10:59:59 IST" skipped="0">
  <testcase classname="HyrtutorialMetaGrouping.copy.MetaGroupTest1" name="AddItemToCat" time="0.018"/>
  <system-out/>
  <testcase classname="HyrtutorialMetaGrouping.copy.MetaGroupTest1" name="MakePayment" time="0.002"/>
  <system-out/>
  <testcase classname="HyrtutorialMetaGrouping.copy.MetaGroupTest1" name="Login" time="0.001"/>
  <system-out/>
  <testcase classname="HyrtutorialMetaGrouping.copy.MetaGroupTest1" name="Logout" time="0.001"/>
  <system-out/>
</testsuite> <!-- HyrtutorialMetaGrouping.copy.MetaGroupTest1 -->
