<?xml version="1.0" encoding="UTF-8"?>
<!-- Generated by org.testng.reporters.JUnitReportReporter -->
<testsuite hostname="DESKTOP-LKH9H35" failures="0" tests="1" name="Day1Practice.LaunchChrome" time="3.596" errors="0" timestamp="2024-07-02T20:58:47 IST" skipped="0">
  <testcase classname="Day1Practice.LaunchChrome" name="Launchrome" time="3.596"/>
  <system-out/>
</testsuite> <!-- Day1Practice.LaunchChrome -->
