<?xml version="1.0" encoding="UTF-8"?>
<!-- Generated by org.testng.reporters.JUnitReportReporter -->
<testsuite hostname="DESKTOP-LKH9H35" failures="0" tests="1" name="Hytutorial.HardAssertValidaion" time="5.935" errors="0" timestamp="2024-05-26T09:11:48 IST" skipped="0">
  <testcase classname="Hytutorial.HardAssertValidaion" name="Assertation" time="5.935"/>
  <system-out/>
</testsuite> <!-- Hytutorial.HardAssertValidaion -->
