<?xml version="1.0" encoding="UTF-8"?>
<!-- Generated by org.testng.reporters.JUnitReportReporter -->
<testsuite hostname="DESKTOP-LKH9H35" failures="0" tests="1" name="InterviewQuestions.ExcelDatapractise" time="0.599" errors="0" timestamp="2024-06-22T10:43:40 IST" skipped="0">
  <testcase classname="InterviewQuestions.ExcelDatapractise" name="ExcelData" time="0.599"/>
  <system-out/>
</testsuite> <!-- InterviewQuestions.ExcelDatapractise -->
